<?xml version="1.0" encoding="UTF-8" ?>
<testsuite tests="3" failures="0" name="com.ray.weixin.gz.test.MenuServiceTest" time="1.289" errors="1" skipped="0">
  <properties>
[...]
</properties>
  <testcase classname="com.ray.weixin.gz.test.MenuServiceTest" name="testGetMenu" time="0.18">
    <error message="error code:46003, error message:menu no exist hint: [Sojw_a0635vr26]" type="java.lang.Exception">java.lang.Exception: error code:46003, error message:menu no exist hint: [Sojw_a0635vr26]
	at com.ray.weixin.gz.util.HttpHelper.doGet(HttpHelper.java:81)
	at com.ray.weixin.gz.service.menu.MenuService.getMenu(MenuService.java:79)
	at com.ray.weixin.gz.test.MenuServiceTest.testGetMenu(MenuServiceTest.java:53)
	at sun.reflect.NativeMethodAccessorImpl.invoke0(Native Method)
	at sun.reflect.NativeMethodAccessorImpl.invoke(NativeMethodAccessorImpl.java:62)
	at sun.reflect.DelegatingMethodAccessorImpl.invoke(DelegatingMethodAccessorImpl.java:43)
	at java.lang.reflect.Method.invoke(Method.java:498)
	at org.junit.runners.model.FrameworkMethod$1.runReflectiveCall(FrameworkMethod.java:47)
	at org.junit.internal.runners.model.ReflectiveCallable.run(ReflectiveCallable.java:12)
	at org.junit.runners.model.FrameworkMethod.invokeExplosively(FrameworkMethod.java:44)
	at org.junit.internal.runners.statements.InvokeMethod.evaluate(InvokeMethod.java:17)
	at org.junit.runners.ParentRunner.runLeaf(ParentRunner.java:271)
	at org.junit.runners.BlockJUnit4ClassRunner.runChild(BlockJUnit4ClassRunner.java:70)
	at org.junit.runners.BlockJUnit4ClassRunner.runChild(BlockJUnit4ClassRunner.java:50)
	at org.junit.runners.ParentRunner$3.run(ParentRunner.java:238)
	at org.junit.runners.ParentRunner$1.schedule(ParentRunner.java:63)
	at org.junit.runners.ParentRunner.runChildren(ParentRunner.java:236)
	at org.junit.runners.ParentRunner.access$000(ParentRunner.java:53)
	at org.junit.runners.ParentRunner$2.evaluate(ParentRunner.java:229)
	at org.junit.runners.ParentRunner.run(ParentRunner.java:309)
	at org.apache.maven.surefire.junit4.JUnit4Provider.execute(JUnit4Provider.java:252)
	at org.apache.maven.surefire.junit4.JUnit4Provider.executeTestSet(JUnit4Provider.java:141)
	at org.apache.maven.surefire.junit4.JUnit4Provider.invoke(JUnit4Provider.java:112)
	at sun.reflect.NativeMethodAccessorImpl.invoke0(Native Method)
	at sun.reflect.NativeMethodAccessorImpl.invoke(NativeMethodAccessorImpl.java:62)
	at sun.reflect.DelegatingMethodAccessorImpl.invoke(DelegatingMethodAccessorImpl.java:43)
	at java.lang.reflect.Method.invoke(Method.java:498)
	at org.apache.maven.surefire.util.ReflectionUtils.invokeMethodWithArray(ReflectionUtils.java:189)
	at org.apache.maven.surefire.booter.ProviderFactory$ProviderProxy.invoke(ProviderFactory.java:165)
	at org.apache.maven.surefire.booter.ProviderFactory.invokeProvider(ProviderFactory.java:85)
	at org.apache.maven.surefire.booter.ForkedBooter.runSuitesInProcess(ForkedBooter.java:115)
	at org.apache.maven.surefire.booter.ForkedBooter.main(ForkedBooter.java:75)
</error>
    <system-out>GET��������{&quot;access_token&quot;:&quot;qNGr5PYleIWw-a0khtPeh5BJWWyj146rWmb6AcOYf-TjUXnWlWW0iL3R8lxnds6ISN1a-kkCQbZsBr9q7Ubd5C-trDc5iSS-ZYprlfpU3M_I3WrWgogxMe4rfB0bbe0LPNRfABALJN&quot;,&quot;expires_in&quot;:7199}
11:00:35.763 [main] INFO  com.ray.weixin.gz.util.AuthHelper - jsonObject:{&quot;access_token&quot;:&quot;qNGr5PYleIWw-a0khtPeh5BJWWyj146rWmb6AcOYf-TjUXnWlWW0iL3R8lxnds6ISN1a-kkCQbZsBr9q7Ubd5C-trDc5iSS-ZYprlfpU3M_I3WrWgogxMe4rfB0bbe0LPNRfABALJN&quot;,&quot;expires_in&quot;:7199}
GET��������{&quot;errcode&quot;:46003,&quot;errmsg&quot;:&quot;menu no exist hint: [Sojw_a0635vr26]&quot;}
request url=https://api.weixin.qq.com/cgi-bin/menu/get?access_token=qNGr5PYleIWw-a0khtPeh5BJWWyj146rWmb6AcOYf-TjUXnWlWW0iL3R8lxnds6ISN1a-kkCQbZsBr9q7Ubd5C-trDc5iSS-ZYprlfpU3M_I3WrWgogxMe4rfB0bbe0LPNRfABALJN,return value=
{&quot;errcode&quot;:46003,&quot;errmsg&quot;:&quot;menu no exist hint: [Sojw_a0635vr26]&quot;}
</system-out>
  </testcase>
  <testcase classname="com.ray.weixin.gz.test.MenuServiceTest" name="testCreateMenu" time="0.704"/>
  <testcase classname="com.ray.weixin.gz.test.MenuServiceTest" name="testDeleteMenu" time="0.405"/>
</testsuite>